<?xml version="1.0" encoding="UTF-8"?>
<!-- Generated by org.testng.reporters.JUnitReportReporter -->
<testsuite hostname="Illya-PC" name="com.example.test.MKBuyAKitProd" tests="2" failures="0" timestamp="20 Jun 2014 06:03:52 GMT" time="239.202" errors="0">
  <testcase name="testMKBuyAKitLoggedIn" time="170.052" classname="com.example.test.MKBuyAKitProd"/>
  <testcase name="testMKBuyAKitNotLoggedIn" time="69.150" classname="com.example.test.MKBuyAKitProd"/>
</testsuite> <!-- com.example.test.MKBuyAKitProd -->
