<?xml version="1.0" encoding="UTF-8"?>
<!-- Generated by org.testng.reporters.JUnitReportReporter -->
<testsuite hostname="Illya-PC" name="com.example.test.MKAdminPagesLoggedInProd" tests="6" failures="0" timestamp="20 Jun 2014 21:01:00 GMT" time="733.013" errors="0">
  <testcase name="testMKAdminSubaffiliatesPage" time="113.042" classname="com.example.test.MKAdminPagesLoggedInProd"/>
  <testcase name="testMKAdminEarningsPage" time="116.019" classname="com.example.test.MKAdminPagesLoggedInProd"/>
  <testcase name="testMKAdminOOSKitsPage" time="118.440" classname="com.example.test.MKAdminPagesLoggedInProd"/>
  <testcase name="testMKAdminUsersPage" time="143.440" classname="com.example.test.MKAdminPagesLoggedInProd"/>
  <testcase name="testMKAdminWarnedKitsPage" time="126.497" classname="com.example.test.MKAdminPagesLoggedInProd"/>
  <testcase name="testMKAdminInvitationsPage" time="115.575" classname="com.example.test.MKAdminPagesLoggedInProd"/>
</testsuite> <!-- com.example.test.MKAdminPagesLoggedInProd -->
