<?xml version="1.0" encoding="UTF-8"?>
<!-- Generated by org.testng.reporters.JUnitReportReporter -->
<testsuite hostname="Illya-PC" name="com.example.test.SearchKitsAboutDropdownNotLoggedInProd" tests="1" failures="0" timestamp="20 Jun 2014 06:03:52 GMT" time="186.873" errors="0">
  <testcase name="testSearchKitsAboutDropdownNotLoggedIn" time="186.873" classname="com.example.test.SearchKitsAboutDropdownNotLoggedInProd"/>
</testsuite> <!-- com.example.test.SearchKitsAboutDropdownNotLoggedInProd -->
