<?xml version="1.0" encoding="UTF-8"?>
<!-- Generated by org.testng.reporters.JUnitReportReporter -->
<testsuite hostname="Illya-PC" name="com.example.test.MKSearchKitsCategoriesProd" tests="1" failures="0" timestamp="20 Jun 2014 06:03:52 GMT" time="56.085" errors="0">
  <testcase name="testSearchKitsCategories" time="56.085" classname="com.example.test.MKSearchKitsCategoriesProd"/>
</testsuite> <!-- com.example.test.MKSearchKitsCategoriesProd -->
