<?xml version="1.0" encoding="UTF-8"?>
<!-- Generated by org.testng.reporters.JUnitReportReporter -->
<testsuite hostname="Illya-PC" name="com.example.test.OrderKitToolsPageProd" tests="1" failures="0" timestamp="20 Jun 2014 20:38:01 GMT" time="60.756" errors="0">
  <testcase name="testOrderKitToolsPage" time="60.756" classname="com.example.test.OrderKitToolsPageProd"/>
</testsuite> <!-- com.example.test.OrderKitToolsPageProd -->
