<?xml version="1.0" encoding="UTF-8"?>
<!-- Generated by org.testng.reporters.JUnitReportReporter -->
<testsuite hostname="Illya-PC" name="com.example.test.OrderKitInstructionsPageProd" tests="1" failures="0" timestamp="20 Jun 2014 20:34:54 GMT" time="54.372" errors="0">
  <testcase name="testOrderKitInstructionsPage" time="54.372" classname="com.example.test.OrderKitInstructionsPageProd"/>
</testsuite> <!-- com.example.test.OrderKitInstructionsPageProd -->
