<?xml version="1.0" encoding="UTF-8"?>
<!-- Generated by org.testng.reporters.JUnitReportReporter -->
<testsuite hostname="Illya-PC" name="com.example.test.MkCreateNewKitDeployProd" tests="1" failures="0" timestamp="20 Jun 2014 06:03:52 GMT" time="297.290" errors="0">
  <testcase name="testCreateAKit" time="297.290" classname="com.example.test.MkCreateNewKitDeployProd"/>
</testsuite> <!-- com.example.test.MkCreateNewKitDeployProd -->
