<?xml version="1.0" encoding="UTF-8"?>
<!-- Generated by org.testng.reporters.JUnitReportReporter -->
<testsuite hostname="Illya-PC" name="com.example.test.SearchKitOtherLinksAndLablesProd" tests="2" failures="0" timestamp="20 Jun 2014 06:03:52 GMT" time="65.852" errors="0">
  <testcase name="testSearchKitBottomPage" time="32.299" classname="com.example.test.SearchKitOtherLinksAndLablesProd"/>
  <testcase name="testSearchKitUpperLabels" time="33.553" classname="com.example.test.SearchKitOtherLinksAndLablesProd"/>
</testsuite> <!-- com.example.test.SearchKitOtherLinksAndLablesProd -->
