<?xml version="1.0" encoding="UTF-8"?>
<!-- Generated by org.testng.reporters.JUnitReportReporter -->
<testsuite hostname="Illya-PC" name="com.example.test.SearchKitsHelpDropdownNotLoggedInProd" tests="1" failures="0" timestamp="20 Jun 2014 06:03:52 GMT" time="54.361" errors="0">
  <testcase name="testSearchKitsHelpDropdownNotLoggedIn" time="54.361" classname="com.example.test.SearchKitsHelpDropdownNotLoggedInProd"/>
</testsuite> <!-- com.example.test.SearchKitsHelpDropdownNotLoggedInProd -->
