<?xml version="1.0" encoding="UTF-8"?>
<!-- Generated by org.testng.reporters.JUnitReportReporter -->
<testsuite hostname="Illya-PC" name="com.example.test.SearchKitAgeDifficultyTimeProd" tests="3" failures="0" timestamp="20 Jun 2014 06:03:52 GMT" time="169.336" errors="0">
  <testcase name="testSearchKitCostTime" time="96.301" classname="com.example.test.SearchKitAgeDifficultyTimeProd"/>
  <testcase name="testSearchKitSocialMedia" time="37.594" classname="com.example.test.SearchKitAgeDifficultyTimeProd"/>
  <testcase name="testSearchKitAgeDifficulty" time="35.441" classname="com.example.test.SearchKitAgeDifficultyTimeProd"/>
</testsuite> <!-- com.example.test.SearchKitAgeDifficultyTimeProd -->
