<?xml version="1.0" encoding="UTF-8"?>
<!-- Generated by org.testng.reporters.JUnitReportReporter -->
<testsuite hostname="Illya-PC" name="com.example.test.MKSearchForKitProd" tests="4" failures="0" timestamp="20 Jun 2014 06:03:52 GMT" time="444.332" errors="0">
  <testcase name="testMKSearchForKitByKitterName" time="268.927" classname="com.example.test.MKSearchForKitProd"/>
  <testcase name="testMKSearchByRecommendedNowTrendingKits" time="55.773" classname="com.example.test.MKSearchForKitProd"/>
  <testcase name="testSearchForKitByString" time="60.663" classname="com.example.test.MKSearchForKitProd"/>
  <testcase name="testMKSearchByCategory" time="58.969" classname="com.example.test.MKSearchForKitProd"/>
</testsuite> <!-- com.example.test.MKSearchForKitProd -->
