<?xml version="1.0" encoding="UTF-8"?>
<!-- Generated by org.testng.reporters.JUnitReportReporter -->
<testsuite hostname="Illya-PC" name="com.example.test.SearchKitsSubCategoriesProd" tests="1" failures="0" timestamp="20 Jun 2014 06:03:52 GMT" time="367.169" errors="0">
  <testcase name="testSearchKitsSubCategories" time="367.169" classname="com.example.test.SearchKitsSubCategoriesProd"/>
</testsuite> <!-- com.example.test.SearchKitsSubCategoriesProd -->
